2022-12-15 16:27:46,196 INFO  [Log] ************** 
2022-12-15 16:27:46,196 INFO  [Log] *********************** 
2022-12-15 16:27:46,197 INFO  [Log] ########################### My first test case is  this Login test   ############## 
2022-12-15 16:27:46,197 INFO  [Log] ************** 
2022-12-15 16:27:46,197 INFO  [Log] *********************** 
2022-12-15 16:27:46,197 INFO  [Log] My login test is going on 
2022-12-15 16:27:46,197 INFO  [Log] My test case might fail 
2022-12-15 16:27:48,096 INFO  [Log] My test case is about to complete 
2022-12-15 16:27:48,096 INFO  [Log] ######################## 
2022-12-15 16:27:48,096 INFO  [Log] ############## 
2022-12-15 16:27:48,096 INFO  [Log] ########################### This is my login test again   ############## 
2022-12-15 16:27:48,098 INFO  [Log] ###################### 
2022-12-15 16:27:48,098 INFO  [Log] ######################## 
2022-12-15 16:27:50,153 INFO  [Log] ************** 
2022-12-15 16:27:50,153 INFO  [Log] *********************** 
2022-12-15 16:27:50,153 INFO  [Log] ########################### My first test case is  this Login test   ############## 
2022-12-15 16:27:50,153 INFO  [Log] ************** 
2022-12-15 16:27:50,153 INFO  [Log] *********************** 
2022-12-15 16:27:50,153 INFO  [Log] My login test is going on 
2022-12-15 16:27:50,153 INFO  [Log] My test case might fail 
2022-12-15 16:27:52,099 INFO  [Log] My test case is about to complete 
2022-12-15 16:27:52,099 INFO  [Log] ######################## 
2022-12-15 16:27:52,099 INFO  [Log] ############## 
2022-12-15 16:27:52,099 INFO  [Log] ########################### This is my login test again   ############## 
2022-12-15 16:27:52,099 INFO  [Log] ###################### 
2022-12-15 16:27:52,099 INFO  [Log] ######################## 
2022-12-15 17:52:14,365 INFO  [Log] ************** 
2022-12-15 17:52:14,366 INFO  [Log] *********************** 
2022-12-15 17:52:14,366 INFO  [Log] ########################### My first test case is  this Login test   ############## 
2022-12-15 17:52:14,366 INFO  [Log] ************** 
2022-12-15 17:52:14,366 INFO  [Log] *********************** 
2022-12-15 17:52:14,366 INFO  [Log] My login test is going on 
2022-12-15 17:52:14,366 INFO  [Log] My test case might fail 
2022-12-15 17:52:16,369 INFO  [Log] My test case is about to complete 
2022-12-15 17:52:16,369 INFO  [Log] ######################## 
2022-12-15 17:52:16,369 INFO  [Log] ############## 
2022-12-15 17:52:16,369 INFO  [Log] ########################### This is my login test again   ############## 
2022-12-15 17:52:16,369 INFO  [Log] ###################### 
2022-12-15 17:52:16,369 INFO  [Log] ######################## 
2022-12-15 17:52:19,198 INFO  [Log] ************** 
2022-12-15 17:52:19,198 INFO  [Log] *********************** 
2022-12-15 17:52:19,198 INFO  [Log] ########################### My first test case is  this Login test   ############## 
2022-12-15 17:52:19,198 INFO  [Log] ************** 
2022-12-15 17:52:19,198 INFO  [Log] *********************** 
2022-12-15 17:52:19,198 INFO  [Log] My login test is going on 
2022-12-15 17:52:19,199 INFO  [Log] My test case might fail 
2022-12-15 17:52:21,225 INFO  [Log] My test case is about to complete 
2022-12-15 17:52:21,225 INFO  [Log] ######################## 
2022-12-15 17:52:21,225 INFO  [Log] ############## 
2022-12-15 17:52:21,225 INFO  [Log] ########################### This is my login test again   ############## 
2022-12-15 17:52:21,225 INFO  [Log] ###################### 
2022-12-15 17:52:21,225 INFO  [Log] ######################## 
2022-12-15 18:06:53,178 INFO  [Log] ************** 
2022-12-15 18:06:53,179 INFO  [Log] *********************** 
2022-12-15 18:06:53,179 INFO  [Log] ########################### My first test case is  this Login test   ############## 
2022-12-15 18:06:53,179 INFO  [Log] ************** 
2022-12-15 18:06:53,179 INFO  [Log] *********************** 
2022-12-15 18:06:53,179 INFO  [Log] My login test is going on 
2022-12-15 18:06:53,179 INFO  [Log] My test case might fail 
2022-12-15 18:06:55,312 INFO  [Log] My test case is about to complete 
2022-12-15 18:06:55,312 INFO  [Log] ######################## 
2022-12-15 18:06:55,312 INFO  [Log] ############## 
2022-12-15 18:06:55,312 INFO  [Log] ########################### This is my login test again   ############## 
2022-12-15 18:06:55,312 INFO  [Log] ###################### 
2022-12-15 18:06:55,312 INFO  [Log] ######################## 
2022-12-15 18:06:57,781 INFO  [Log] ************** 
2022-12-15 18:06:57,781 INFO  [Log] *********************** 
2022-12-15 18:06:57,781 INFO  [Log] ########################### My first test case is  this Login test   ############## 
2022-12-15 18:06:57,781 INFO  [Log] ************** 
2022-12-15 18:06:57,781 INFO  [Log] *********************** 
2022-12-15 18:06:57,781 INFO  [Log] My login test is going on 
2022-12-15 18:06:57,781 INFO  [Log] My test case might fail 
2022-12-15 18:06:59,764 INFO  [Log] My test case is about to complete 
2022-12-15 18:06:59,764 INFO  [Log] ######################## 
2022-12-15 18:06:59,764 INFO  [Log] ############## 
2022-12-15 18:06:59,764 INFO  [Log] ########################### This is my login test again   ############## 
2022-12-15 18:06:59,764 INFO  [Log] ###################### 
2022-12-15 18:06:59,764 INFO  [Log] ######################## 
2022-12-16 11:21:14,719 INFO  [Log] ************** 
2022-12-16 11:21:14,719 INFO  [Log] *********************** 
2022-12-16 11:21:14,722 INFO  [Log] ########################### My first test case is  this Login test   ############## 
2022-12-16 11:21:14,722 INFO  [Log] ************** 
2022-12-16 11:21:14,722 INFO  [Log] *********************** 
2022-12-16 11:21:14,722 INFO  [Log] My login test is going on 
2022-12-16 11:21:14,722 INFO  [Log] My test case might fail 
2022-12-16 11:21:16,797 INFO  [Log] My test case is about to complete 
2022-12-16 11:21:16,798 INFO  [Log] ######################## 
2022-12-16 11:21:16,798 INFO  [Log] ############## 
2022-12-16 11:21:16,798 INFO  [Log] ########################### This is my login test again   ############## 
2022-12-16 11:21:16,798 INFO  [Log] ###################### 
2022-12-16 11:21:16,798 INFO  [Log] ######################## 
2022-12-16 11:21:18,497 INFO  [Log] ************** 
2022-12-16 11:21:18,497 INFO  [Log] *********************** 
2022-12-16 11:21:18,497 INFO  [Log] ########################### My first test case is  this Login test   ############## 
2022-12-16 11:21:18,497 INFO  [Log] ************** 
2022-12-16 11:21:18,497 INFO  [Log] *********************** 
2022-12-16 11:21:18,497 INFO  [Log] My login test is going on 
2022-12-16 11:21:18,497 INFO  [Log] My test case might fail 
2022-12-16 11:21:20,698 INFO  [Log] My test case is about to complete 
2022-12-16 11:21:20,698 INFO  [Log] ######################## 
2022-12-16 11:21:20,698 INFO  [Log] ############## 
2022-12-16 11:21:20,698 INFO  [Log] ########################### This is my login test again   ############## 
2022-12-16 11:21:20,698 INFO  [Log] ###################### 
2022-12-16 11:21:20,698 INFO  [Log] ######################## 
2022-12-16 11:25:27,951 INFO  [Log] ************** 
2022-12-16 11:25:27,951 INFO  [Log] *********************** 
2022-12-16 11:25:27,952 INFO  [Log] ########################### My first test case is  this Login test   ############## 
2022-12-16 11:25:27,952 INFO  [Log] ************** 
2022-12-16 11:25:27,952 INFO  [Log] *********************** 
2022-12-16 11:25:27,952 INFO  [Log] My login test is going on 
2022-12-16 11:25:27,952 INFO  [Log] My test case might fail 
2022-12-16 11:25:30,056 INFO  [Log] My test case is about to complete 
2022-12-16 11:25:30,056 INFO  [Log] ######################## 
2022-12-16 11:25:30,056 INFO  [Log] ############## 
2022-12-16 11:25:30,056 INFO  [Log] ########################### This is my login test again   ############## 
2022-12-16 11:25:30,056 INFO  [Log] ###################### 
2022-12-16 11:25:30,056 INFO  [Log] ######################## 
2022-12-16 11:25:32,331 INFO  [Log] ************** 
2022-12-16 11:25:32,331 INFO  [Log] *********************** 
2022-12-16 11:25:32,331 INFO  [Log] ########################### My first test case is  this Login test   ############## 
2022-12-16 11:25:32,331 INFO  [Log] ************** 
2022-12-16 11:25:32,331 INFO  [Log] *********************** 
2022-12-16 11:25:32,331 INFO  [Log] My login test is going on 
2022-12-16 11:25:32,331 INFO  [Log] My test case might fail 
2022-12-16 11:25:34,378 INFO  [Log] My test case is about to complete 
2022-12-16 11:25:34,378 INFO  [Log] ######################## 
2022-12-16 11:25:34,378 INFO  [Log] ############## 
2022-12-16 11:25:34,378 INFO  [Log] ########################### This is my login test again   ############## 
2022-12-16 11:25:34,378 INFO  [Log] ###################### 
2022-12-16 11:25:34,378 INFO  [Log] ######################## 
2022-12-16 11:32:01,528 INFO  [Log] ************** 
2022-12-16 11:32:01,528 INFO  [Log] *********************** 
2022-12-16 11:32:01,528 INFO  [Log] ########################### My first test case is  this Login test   ############## 
2022-12-16 11:32:01,528 INFO  [Log] ************** 
2022-12-16 11:32:01,528 INFO  [Log] *********************** 
2022-12-16 11:32:01,528 INFO  [Log] My login test is going on 
2022-12-16 11:32:01,528 INFO  [Log] My test case might fail 
2022-12-16 11:32:03,542 INFO  [Log] My test case is about to complete 
2022-12-16 11:32:03,542 INFO  [Log] ######################## 
2022-12-16 11:32:03,542 INFO  [Log] ############## 
2022-12-16 11:32:03,542 INFO  [Log] ########################### This is my login test again   ############## 
2022-12-16 11:32:03,542 INFO  [Log] ###################### 
2022-12-16 11:32:03,542 INFO  [Log] ######################## 
2022-12-16 11:32:06,003 INFO  [Log] ************** 
2022-12-16 11:32:06,003 INFO  [Log] *********************** 
2022-12-16 11:32:06,003 INFO  [Log] ########################### My first test case is  this Login test   ############## 
2022-12-16 11:32:06,003 INFO  [Log] ************** 
2022-12-16 11:32:06,003 INFO  [Log] *********************** 
2022-12-16 11:32:06,003 INFO  [Log] My login test is going on 
2022-12-16 11:32:06,003 INFO  [Log] My test case might fail 
2022-12-16 11:32:07,993 INFO  [Log] My test case is about to complete 
2022-12-16 11:32:07,993 INFO  [Log] ######################## 
2022-12-16 11:32:07,993 INFO  [Log] ############## 
2022-12-16 11:32:07,993 INFO  [Log] ########################### This is my login test again   ############## 
2022-12-16 11:32:07,993 INFO  [Log] ###################### 
2022-12-16 11:32:07,993 INFO  [Log] ######################## 
2023-01-08 12:24:05,183 INFO  [Log] ************** 
2023-01-08 12:24:05,183 INFO  [Log] *********************** 
2023-01-08 12:24:05,183 INFO  [Log] ########################### My first test case is  this Login test   ############## 
2023-01-08 12:24:05,183 INFO  [Log] ************** 
2023-01-08 12:24:05,183 INFO  [Log] *********************** 
2023-01-08 12:24:05,183 INFO  [Log] My login test is going on 
2023-01-08 12:24:05,183 INFO  [Log] My test case might fail 
2023-01-08 12:24:14,551 INFO  [Log] My test case is about to complete 
2023-01-08 12:24:14,551 INFO  [Log] ######################## 
2023-01-08 12:24:14,551 INFO  [Log] ############## 
2023-01-08 12:24:14,551 INFO  [Log] ########################### This is my login test again   ############## 
2023-01-08 12:24:14,551 INFO  [Log] ###################### 
2023-01-08 12:24:14,551 INFO  [Log] ######################## 
2023-01-08 12:33:02,666 INFO  [Log] ************** 
2023-01-08 12:33:02,667 INFO  [Log] *********************** 
2023-01-08 12:33:02,667 INFO  [Log] ########################### My first test case is  this Login test   ############## 
2023-01-08 12:33:02,667 INFO  [Log] ************** 
2023-01-08 12:33:02,667 INFO  [Log] *********************** 
2023-01-08 12:33:02,667 INFO  [Log] My login test is going on 
2023-01-08 12:33:02,667 INFO  [Log] My test case might fail 
2023-01-08 12:33:08,689 INFO  [Log] My test case is about to complete 
2023-01-08 12:33:08,689 INFO  [Log] ######################## 
2023-01-08 12:33:08,689 INFO  [Log] ############## 
2023-01-08 12:33:08,690 INFO  [Log] ########################### This is my login test again   ############## 
2023-01-08 12:33:08,690 INFO  [Log] ###################### 
2023-01-08 12:33:08,690 INFO  [Log] ######################## 
2023-01-08 12:35:33,474 INFO  [Log] ************** 
2023-01-08 12:35:33,474 INFO  [Log] *********************** 
2023-01-08 12:35:33,474 INFO  [Log] ########################### My first test case is  this Login test   ############## 
2023-01-08 12:35:33,474 INFO  [Log] ************** 
2023-01-08 12:35:33,474 INFO  [Log] *********************** 
2023-01-08 12:35:33,474 INFO  [Log] My login test is going on 
2023-01-08 12:35:33,474 INFO  [Log] My test case might fail 
2023-01-08 12:35:40,215 INFO  [Log] My test case is about to complete 
2023-01-08 12:35:40,216 INFO  [Log] ######################## 
2023-01-08 12:35:40,216 INFO  [Log] ############## 
2023-01-08 12:35:40,216 INFO  [Log] ########################### This is my login test again   ############## 
2023-01-08 12:35:40,216 INFO  [Log] ###################### 
2023-01-08 12:35:40,216 INFO  [Log] ######################## 
2023-01-08 12:37:10,547 INFO  [Log] ************** 
2023-01-08 12:37:10,547 INFO  [Log] *********************** 
2023-01-08 12:37:10,547 INFO  [Log] ########################### My first test case is  this Login test   ############## 
2023-01-08 12:37:10,547 INFO  [Log] ************** 
2023-01-08 12:37:10,547 INFO  [Log] *********************** 
2023-01-08 12:37:10,547 INFO  [Log] My login test is going on 
2023-01-08 12:37:10,547 INFO  [Log] My test case might fail 
2023-01-08 12:37:16,432 INFO  [Log] My test case is about to complete 
2023-01-08 12:37:16,432 INFO  [Log] ######################## 
2023-01-08 12:37:16,432 INFO  [Log] ############## 
2023-01-08 12:37:16,432 INFO  [Log] ########################### This is my login test again   ############## 
2023-01-08 12:37:16,432 INFO  [Log] ###################### 
2023-01-08 12:37:16,432 INFO  [Log] ######################## 
2023-01-08 12:38:38,359 INFO  [Log] ************** 
2023-01-08 12:38:38,359 INFO  [Log] *********************** 
2023-01-08 12:38:38,359 INFO  [Log] ########################### My first test case is  this Login test   ############## 
2023-01-08 12:38:38,359 INFO  [Log] ************** 
2023-01-08 12:38:38,359 INFO  [Log] *********************** 
2023-01-08 12:38:38,359 INFO  [Log] My login test is going on 
2023-01-08 12:38:38,359 INFO  [Log] My test case might fail 
2023-01-08 12:38:45,177 INFO  [Log] My test case is about to complete 
2023-01-08 12:38:45,178 INFO  [Log] ######################## 
2023-01-08 12:38:45,178 INFO  [Log] ############## 
2023-01-08 12:38:45,178 INFO  [Log] ########################### This is my login test again   ############## 
2023-01-08 12:38:45,178 INFO  [Log] ###################### 
2023-01-08 12:38:45,178 INFO  [Log] ######################## 
2023-01-08 12:42:54,070 INFO  [Log] ************** 
2023-01-08 12:42:54,070 INFO  [Log] *********************** 
2023-01-08 12:42:54,070 INFO  [Log] ########################### My first test case is  this Login test   ############## 
2023-01-08 12:42:54,070 INFO  [Log] ************** 
2023-01-08 12:42:54,070 INFO  [Log] *********************** 
2023-01-08 12:42:54,070 INFO  [Log] My login test is going on 
2023-01-08 12:42:54,070 INFO  [Log] My test case might fail 
2023-01-08 12:42:59,909 INFO  [Log] My test case is about to complete 
2023-01-08 12:42:59,909 INFO  [Log] ######################## 
2023-01-08 12:42:59,909 INFO  [Log] ############## 
2023-01-08 12:42:59,909 INFO  [Log] ########################### This is my login test again   ############## 
2023-01-08 12:42:59,909 INFO  [Log] ###################### 
2023-01-08 12:42:59,909 INFO  [Log] ######################## 
2023-01-08 12:44:05,208 INFO  [Log] ************** 
2023-01-08 12:44:05,208 INFO  [Log] *********************** 
2023-01-08 12:44:05,208 INFO  [Log] ########################### My first test case is  this Login test   ############## 
2023-01-08 12:44:05,208 INFO  [Log] ************** 
2023-01-08 12:44:05,208 INFO  [Log] *********************** 
2023-01-08 12:44:05,208 INFO  [Log] My login test is going on 
2023-01-08 12:44:05,208 INFO  [Log] My test case might fail 
2023-01-08 12:44:11,451 INFO  [Log] My test case is about to complete 
2023-01-08 12:44:11,451 INFO  [Log] ######################## 
2023-01-08 12:44:11,451 INFO  [Log] ############## 
2023-01-08 12:44:11,451 INFO  [Log] ########################### This is my login test again   ############## 
2023-01-08 12:44:11,451 INFO  [Log] ###################### 
2023-01-08 12:44:11,451 INFO  [Log] ######################## 
2023-01-08 12:44:47,300 INFO  [Log] ************** 
2023-01-08 12:44:47,300 INFO  [Log] *********************** 
2023-01-08 12:44:47,300 INFO  [Log] ########################### My first test case is  this Login test   ############## 
2023-01-08 12:44:47,300 INFO  [Log] ************** 
2023-01-08 12:44:47,300 INFO  [Log] *********************** 
2023-01-08 12:44:47,300 INFO  [Log] My login test is going on 
2023-01-08 12:44:47,300 INFO  [Log] My test case might fail 
2023-01-08 12:44:53,494 INFO  [Log] My test case is about to complete 
2023-01-08 12:44:53,494 INFO  [Log] ######################## 
2023-01-08 12:44:53,494 INFO  [Log] ############## 
2023-01-08 12:44:53,494 INFO  [Log] ########################### This is my login test again   ############## 
2023-01-08 12:44:53,494 INFO  [Log] ###################### 
2023-01-08 12:44:53,494 INFO  [Log] ######################## 
2023-01-08 12:46:18,771 INFO  [Log] ************** 
2023-01-08 12:46:18,771 INFO  [Log] *********************** 
2023-01-08 12:46:18,771 INFO  [Log] ########################### My first test case is  this Login test   ############## 
2023-01-08 12:46:18,771 INFO  [Log] ************** 
2023-01-08 12:46:18,771 INFO  [Log] *********************** 
2023-01-08 12:46:18,771 INFO  [Log] My login test is going on 
2023-01-08 12:46:18,771 INFO  [Log] My test case might fail 
2023-01-08 12:46:24,704 INFO  [Log] My test case is about to complete 
2023-01-08 12:46:24,704 INFO  [Log] ######################## 
2023-01-08 12:46:24,704 INFO  [Log] ############## 
2023-01-08 12:46:24,704 INFO  [Log] ########################### This is my login test again   ############## 
2023-01-08 12:46:24,704 INFO  [Log] ###################### 
2023-01-08 12:46:24,704 INFO  [Log] ######################## 
2023-01-08 13:03:32,735 INFO  [Log] ************** 
2023-01-08 13:03:32,736 INFO  [Log] *********************** 
2023-01-08 13:03:32,737 INFO  [Log] ########################### My first test case is  this Login test   ############## 
2023-01-08 13:03:32,737 INFO  [Log] ************** 
2023-01-08 13:03:32,737 INFO  [Log] *********************** 
2023-01-08 13:03:32,737 INFO  [Log] My login test is going on 
2023-01-08 13:03:32,737 INFO  [Log] My test case might fail 
2023-01-08 13:03:39,709 INFO  [Log] My test case is about to complete 
2023-01-08 13:03:39,709 INFO  [Log] ######################## 
2023-01-08 13:03:39,709 INFO  [Log] ############## 
2023-01-08 13:03:39,709 INFO  [Log] ########################### This is my login test again   ############## 
2023-01-08 13:03:39,709 INFO  [Log] ###################### 
2023-01-08 13:03:39,709 INFO  [Log] ######################## 
2023-01-08 13:06:04,349 INFO  [Log] ************** 
2023-01-08 13:06:04,349 INFO  [Log] *********************** 
2023-01-08 13:06:04,350 INFO  [Log] ########################### My first test case is  this Login test   ############## 
2023-01-08 13:06:04,350 INFO  [Log] ************** 
2023-01-08 13:06:04,350 INFO  [Log] *********************** 
2023-01-08 13:06:04,350 INFO  [Log] My login test is going on 
2023-01-08 13:06:04,350 INFO  [Log] My test case might fail 
2023-01-08 13:06:10,357 INFO  [Log] My test case is about to complete 
2023-01-08 13:06:10,357 INFO  [Log] ######################## 
2023-01-08 13:06:10,357 INFO  [Log] ############## 
2023-01-08 13:06:10,357 INFO  [Log] ########################### This is my login test again   ############## 
2023-01-08 13:06:10,357 INFO  [Log] ###################### 
2023-01-08 13:06:10,357 INFO  [Log] ######################## 
2023-01-08 13:10:57,000 INFO  [Log] ************** 
2023-01-08 13:10:57,001 INFO  [Log] *********************** 
2023-01-08 13:10:57,001 INFO  [Log] ########################### My first test case is  this Login test   ############## 
2023-01-08 13:10:57,001 INFO  [Log] ************** 
2023-01-08 13:10:57,001 INFO  [Log] *********************** 
2023-01-08 13:10:57,001 INFO  [Log] My login test is going on 
2023-01-08 13:10:57,001 INFO  [Log] My test case might fail 
2023-01-08 13:11:02,920 INFO  [Log] My test case is about to complete 
2023-01-08 13:11:02,920 INFO  [Log] ######################## 
2023-01-08 13:11:02,920 INFO  [Log] ############## 
2023-01-08 13:11:02,920 INFO  [Log] ########################### This is my login test again   ############## 
2023-01-08 13:11:02,920 INFO  [Log] ###################### 
2023-01-08 13:11:02,920 INFO  [Log] ######################## 
2023-01-08 13:15:28,637 INFO  [Log] ************** 
2023-01-08 13:15:28,638 INFO  [Log] *********************** 
2023-01-08 13:15:28,638 INFO  [Log] ########################### My first test case is  this Login test   ############## 
2023-01-08 13:15:28,638 INFO  [Log] ************** 
2023-01-08 13:15:28,638 INFO  [Log] *********************** 
2023-01-08 13:15:28,638 INFO  [Log] My login test is going on 
2023-01-08 13:15:28,638 INFO  [Log] My test case might fail 
2023-01-08 13:15:34,599 INFO  [Log] My test case is about to complete 
2023-01-08 13:15:34,599 INFO  [Log] ######################## 
2023-01-08 13:15:34,599 INFO  [Log] ############## 
2023-01-08 13:15:34,599 INFO  [Log] ########################### This is my login test again   ############## 
2023-01-08 13:15:34,599 INFO  [Log] ###################### 
2023-01-08 13:15:34,599 INFO  [Log] ######################## 
2023-01-08 13:19:46,399 INFO  [Log] ************** 
2023-01-08 13:19:46,399 INFO  [Log] *********************** 
2023-01-08 13:19:46,399 INFO  [Log] ########################### My first test case is  this Login test   ############## 
2023-01-08 13:19:46,399 INFO  [Log] ************** 
2023-01-08 13:19:46,399 INFO  [Log] *********************** 
2023-01-08 13:19:46,399 INFO  [Log] My login test is going on 
2023-01-08 13:19:46,399 INFO  [Log] My test case might fail 
2023-01-08 13:19:57,468 INFO  [Log] My test case is about to complete 
2023-01-08 13:19:57,468 INFO  [Log] ######################## 
2023-01-08 13:19:57,468 INFO  [Log] ############## 
2023-01-08 13:19:57,468 INFO  [Log] ########################### This is my login test again   ############## 
2023-01-08 13:19:57,468 INFO  [Log] ###################### 
2023-01-08 13:19:57,468 INFO  [Log] ######################## 
2023-01-08 13:30:50,092 INFO  [Log] ************** 
2023-01-08 13:30:50,092 INFO  [Log] *********************** 
2023-01-08 13:30:50,092 INFO  [Log] ########################### My first test case is  this Login test   ############## 
2023-01-08 13:30:50,092 INFO  [Log] ************** 
2023-01-08 13:30:50,092 INFO  [Log] *********************** 
2023-01-08 13:30:50,092 INFO  [Log] My login test is going on 
2023-01-08 13:30:50,092 INFO  [Log] My test case might fail 
2023-01-08 13:31:01,060 INFO  [Log] My test case is about to complete 
2023-01-08 13:31:01,060 INFO  [Log] ######################## 
2023-01-08 13:31:01,060 INFO  [Log] ############## 
2023-01-08 13:31:01,060 INFO  [Log] ########################### This is my login test again   ############## 
2023-01-08 13:31:01,061 INFO  [Log] ###################### 
2023-01-08 13:31:01,061 INFO  [Log] ######################## 
2023-01-08 13:51:49,703 INFO  [Log] ************** 
2023-01-08 13:51:49,704 INFO  [Log] *********************** 
2023-01-08 13:51:49,704 INFO  [Log] ########################### My first test case is  this Login test   ############## 
2023-01-08 13:51:49,704 INFO  [Log] ************** 
2023-01-08 13:51:49,704 INFO  [Log] *********************** 
2023-01-08 13:51:49,704 INFO  [Log] My login test is going on 
2023-01-08 13:51:49,704 INFO  [Log] My test case might fail 
2023-01-08 13:52:01,187 INFO  [Log] My test case is about to complete 
2023-01-08 13:52:01,187 INFO  [Log] ######################## 
2023-01-08 13:52:01,187 INFO  [Log] ############## 
2023-01-08 13:52:01,187 INFO  [Log] ########################### This is my login test again   ############## 
2023-01-08 13:52:01,187 INFO  [Log] ###################### 
2023-01-08 13:52:01,187 INFO  [Log] ######################## 
2023-01-18 18:41:04,005 INFO  [Log] ************** 
2023-01-18 18:41:04,005 INFO  [Log] *********************** 
2023-01-18 18:41:04,006 INFO  [Log] ########################### My first test case is  this Login test   ############## 
2023-01-18 18:41:04,006 INFO  [Log] ************** 
2023-01-18 18:41:04,006 INFO  [Log] *********************** 
2023-01-18 18:41:04,006 INFO  [Log] My login test is going on 
2023-01-18 18:41:04,006 INFO  [Log] My test case might fail 
2023-01-18 18:41:11,615 INFO  [Log] My test case is about to complete 
2023-01-18 18:41:11,615 INFO  [Log] ######################## 
2023-01-18 18:41:11,615 INFO  [Log] ############## 
2023-01-18 18:41:11,615 INFO  [Log] ########################### This is my login test again   ############## 
2023-01-18 18:41:11,615 INFO  [Log] ###################### 
2023-01-18 18:41:11,615 INFO  [Log] ######################## 
2023-01-21 09:45:54,943 INFO  [Log] ************** 
2023-01-21 09:45:54,943 INFO  [Log] *********************** 
2023-01-21 09:45:54,943 INFO  [Log] ########################### My first test case is  this Login test   ############## 
2023-01-21 09:45:54,944 INFO  [Log] ************** 
2023-01-21 09:45:54,944 INFO  [Log] *********************** 
2023-01-21 09:45:54,944 INFO  [Log] My login test is going on 
2023-01-21 09:45:54,944 INFO  [Log] My test case might fail 
2023-01-21 09:45:55,332 INFO  [Log] My test case is about to complete 
2023-01-21 09:45:55,332 INFO  [Log] ######################## 
2023-01-21 09:45:55,332 INFO  [Log] ############## 
2023-01-21 09:45:55,332 INFO  [Log] ########################### This is my login test again   ############## 
2023-01-21 09:45:55,332 INFO  [Log] ###################### 
2023-01-21 09:45:55,332 INFO  [Log] ######################## 
2023-01-21 09:46:53,609 INFO  [Log] ************** 
2023-01-21 09:46:53,609 INFO  [Log] *********************** 
2023-01-21 09:46:53,609 INFO  [Log] ########################### My first test case is  this Login test   ############## 
2023-01-21 09:46:53,609 INFO  [Log] ************** 
2023-01-21 09:46:53,609 INFO  [Log] *********************** 
2023-01-21 09:46:53,609 INFO  [Log] My login test is going on 
2023-01-21 09:46:53,609 INFO  [Log] My test case might fail 
2023-01-21 09:46:54,333 INFO  [Log] My test case is about to complete 
2023-01-21 09:46:54,333 INFO  [Log] ######################## 
2023-01-21 09:46:54,333 INFO  [Log] ############## 
2023-01-21 09:46:54,333 INFO  [Log] ########################### This is my login test again   ############## 
2023-01-21 09:46:54,333 INFO  [Log] ###################### 
2023-01-21 09:46:54,333 INFO  [Log] ######################## 
2023-01-21 10:15:25,456 INFO  [Log] ************** 
2023-01-21 10:15:25,456 INFO  [Log] *********************** 
2023-01-21 10:15:25,456 INFO  [Log] ########################### My first test case is  this Login test   ############## 
2023-01-21 10:15:25,456 INFO  [Log] ************** 
2023-01-21 10:15:25,456 INFO  [Log] *********************** 
2023-01-21 10:15:25,456 INFO  [Log] My login test is going on 
2023-01-21 10:15:25,456 INFO  [Log] My test case might fail 
2023-01-21 10:15:25,802 INFO  [Log] My test case is about to complete 
2023-01-21 10:15:25,802 INFO  [Log] ######################## 
2023-01-21 10:15:25,802 INFO  [Log] ############## 
2023-01-21 10:15:25,802 INFO  [Log] ########################### This is my login test again   ############## 
2023-01-21 10:15:25,802 INFO  [Log] ###################### 
2023-01-21 10:15:25,802 INFO  [Log] ######################## 
2023-01-21 10:16:46,782 INFO  [Log] ************** 
2023-01-21 10:16:46,784 INFO  [Log] *********************** 
2023-01-21 10:16:46,785 INFO  [Log] ########################### My first test case is  this Login test   ############## 
2023-01-21 10:16:46,785 INFO  [Log] ************** 
2023-01-21 10:16:46,785 INFO  [Log] *********************** 
2023-01-21 10:16:46,785 INFO  [Log] My login test is going on 
2023-01-21 10:16:46,785 INFO  [Log] My test case might fail 
2023-01-21 10:16:47,131 INFO  [Log] My test case is about to complete 
2023-01-21 10:16:47,131 INFO  [Log] ######################## 
2023-01-21 10:16:47,131 INFO  [Log] ############## 
2023-01-21 10:16:47,131 INFO  [Log] ########################### This is my login test again   ############## 
2023-01-21 10:16:47,131 INFO  [Log] ###################### 
2023-01-21 10:16:47,131 INFO  [Log] ######################## 
2023-01-21 10:19:43,382 INFO  [Log] ************** 
2023-01-21 10:19:43,382 INFO  [Log] *********************** 
2023-01-21 10:19:43,382 INFO  [Log] ########################### My first test case is  this Login test   ############## 
2023-01-21 10:19:43,382 INFO  [Log] ************** 
2023-01-21 10:19:43,382 INFO  [Log] *********************** 
2023-01-21 10:19:43,382 INFO  [Log] My login test is going on 
2023-01-21 10:19:43,382 INFO  [Log] My test case might fail 
2023-01-21 10:19:43,701 INFO  [Log] My test case is about to complete 
2023-01-21 10:19:43,701 INFO  [Log] ######################## 
2023-01-21 10:19:43,701 INFO  [Log] ############## 
2023-01-21 10:19:43,701 INFO  [Log] ########################### This is my login test again   ############## 
2023-01-21 10:19:43,701 INFO  [Log] ###################### 
2023-01-21 10:19:43,702 INFO  [Log] ######################## 
2023-01-21 10:20:10,533 INFO  [Log] ************** 
2023-01-21 10:20:10,533 INFO  [Log] *********************** 
2023-01-21 10:20:10,533 INFO  [Log] ########################### My first test case is  this Login test   ############## 
2023-01-21 10:20:10,533 INFO  [Log] ************** 
2023-01-21 10:20:10,533 INFO  [Log] *********************** 
2023-01-21 10:20:10,533 INFO  [Log] My login test is going on 
2023-01-21 10:20:10,533 INFO  [Log] My test case might fail 
2023-01-21 10:20:10,839 INFO  [Log] My test case is about to complete 
2023-01-21 10:20:10,839 INFO  [Log] ######################## 
2023-01-21 10:20:10,839 INFO  [Log] ############## 
2023-01-21 10:20:10,839 INFO  [Log] ########################### This is my login test again   ############## 
2023-01-21 10:20:10,839 INFO  [Log] ###################### 
2023-01-21 10:20:10,839 INFO  [Log] ######################## 
2023-01-21 10:23:59,057 INFO  [Log] ************** 
2023-01-21 10:23:59,058 INFO  [Log] *********************** 
2023-01-21 10:23:59,058 INFO  [Log] ########################### My first test case is  this Login test   ############## 
2023-01-21 10:23:59,058 INFO  [Log] ************** 
2023-01-21 10:23:59,058 INFO  [Log] *********************** 
2023-01-21 10:23:59,058 INFO  [Log] My login test is going on 
2023-01-21 10:23:59,058 INFO  [Log] My test case might fail 
2023-01-21 10:23:59,764 INFO  [Log] My test case is about to complete 
2023-01-21 10:23:59,764 INFO  [Log] ######################## 
2023-01-21 10:23:59,764 INFO  [Log] ############## 
2023-01-21 10:23:59,764 INFO  [Log] ########################### This is my login test again   ############## 
2023-01-21 10:23:59,764 INFO  [Log] ###################### 
2023-01-21 10:23:59,764 INFO  [Log] ######################## 
2023-01-21 11:44:00,757 INFO  [Log] ************** 
2023-01-21 11:44:00,757 INFO  [Log] *********************** 
2023-01-21 11:44:00,757 INFO  [Log] ########################### My first test case is  this Login test   ############## 
2023-01-21 11:44:00,757 INFO  [Log] ************** 
2023-01-21 11:44:00,757 INFO  [Log] *********************** 
2023-01-21 11:44:00,757 INFO  [Log] My login test is going on 
2023-01-21 11:44:00,757 INFO  [Log] My test case might fail 
2023-01-21 11:44:03,153 INFO  [Log] My test case is about to complete 
2023-01-21 11:44:03,153 INFO  [Log] ######################## 
2023-01-21 11:44:03,153 INFO  [Log] ############## 
2023-01-21 11:44:03,153 INFO  [Log] ########################### This is my login test again   ############## 
2023-01-21 11:44:03,153 INFO  [Log] ###################### 
2023-01-21 11:44:03,153 INFO  [Log] ######################## 
2023-01-21 11:46:19,459 INFO  [Log] ************** 
2023-01-21 11:46:19,459 INFO  [Log] *********************** 
2023-01-21 11:46:19,459 INFO  [Log] ########################### My first test case is  this Login test   ############## 
2023-01-21 11:46:19,459 INFO  [Log] ************** 
2023-01-21 11:46:19,459 INFO  [Log] *********************** 
2023-01-21 11:46:19,459 INFO  [Log] My login test is going on 
2023-01-21 11:46:19,459 INFO  [Log] My test case might fail 
2023-01-21 11:46:21,666 INFO  [Log] My test case is about to complete 
2023-01-21 11:46:21,667 INFO  [Log] ######################## 
2023-01-21 11:46:21,667 INFO  [Log] ############## 
2023-01-21 11:46:21,667 INFO  [Log] ########################### This is my login test again   ############## 
2023-01-21 11:46:21,667 INFO  [Log] ###################### 
2023-01-21 11:46:21,667 INFO  [Log] ######################## 
2023-01-21 12:42:03,274 INFO  [Log] ************** 
2023-01-21 12:42:03,274 INFO  [Log] *********************** 
2023-01-21 12:42:03,274 INFO  [Log] ########################### My first test case is  this Login test   ############## 
2023-01-21 12:42:03,274 INFO  [Log] ************** 
2023-01-21 12:42:03,274 INFO  [Log] *********************** 
2023-01-21 12:42:03,274 INFO  [Log] My login test is going on 
2023-01-21 12:42:03,274 INFO  [Log] My test case might fail 
2023-01-21 12:42:04,953 INFO  [Log] My test case is about to complete 
2023-01-21 12:42:04,953 INFO  [Log] ######################## 
2023-01-21 12:42:04,953 INFO  [Log] ############## 
2023-01-21 12:42:04,953 INFO  [Log] ########################### This is my login test again   ############## 
2023-01-21 12:42:04,953 INFO  [Log] ###################### 
2023-01-21 12:42:04,953 INFO  [Log] ######################## 
2023-01-21 12:43:11,820 INFO  [Log] ************** 
2023-01-21 12:43:11,820 INFO  [Log] *********************** 
2023-01-21 12:43:11,820 INFO  [Log] ########################### My first test case is  this Login test   ############## 
2023-01-21 12:43:11,820 INFO  [Log] ************** 
2023-01-21 12:43:11,820 INFO  [Log] *********************** 
2023-01-21 12:43:11,820 INFO  [Log] My login test is going on 
2023-01-21 12:43:11,820 INFO  [Log] My test case might fail 
2023-01-21 12:43:13,514 INFO  [Log] My test case is about to complete 
2023-01-21 12:43:13,514 INFO  [Log] ######################## 
2023-01-21 12:43:13,514 INFO  [Log] ############## 
2023-01-21 12:43:13,514 INFO  [Log] ########################### This is my login test again   ############## 
2023-01-21 12:43:13,514 INFO  [Log] ###################### 
2023-01-21 12:43:13,514 INFO  [Log] ######################## 
2023-01-28 10:16:16,662 INFO  [Log] ************** 
2023-01-28 10:16:16,662 INFO  [Log] *********************** 
2023-01-28 10:16:16,663 INFO  [Log] ########################### My first test case is  this Login test   ############## 
2023-01-28 10:16:16,663 INFO  [Log] ************** 
2023-01-28 10:16:16,663 INFO  [Log] *********************** 
2023-01-28 10:16:16,663 INFO  [Log] My login test is going on 
2023-01-28 10:16:16,663 INFO  [Log] My test case might fail 
2023-01-28 10:16:24,335 INFO  [Log] My test case is about to complete 
2023-01-28 10:16:24,335 INFO  [Log] ######################## 
2023-01-28 10:16:24,335 INFO  [Log] ############## 
2023-01-28 10:16:24,335 INFO  [Log] ########################### This is my login test again   ############## 
2023-01-28 10:16:24,335 INFO  [Log] ###################### 
2023-01-28 10:16:24,335 INFO  [Log] ######################## 
2023-03-21 12:24:10,504 INFO  [Log] ************** 
2023-03-21 12:24:10,504 INFO  [Log] *********************** 
2023-03-21 12:24:10,504 INFO  [Log] ########################### My first test case is  this Login test   ############## 
2023-03-21 12:24:10,504 INFO  [Log] ************** 
2023-03-21 12:24:10,504 INFO  [Log] *********************** 
2023-03-21 12:24:10,504 INFO  [Log] My login test is going on 
2023-03-21 12:24:10,504 INFO  [Log] My test case might fail 
2023-03-21 12:24:18,029 INFO  [Log] My test case is about to complete 
2023-03-21 12:24:18,029 INFO  [Log] ######################## 
2023-03-21 12:24:18,029 INFO  [Log] ############## 
2023-03-21 12:24:18,029 INFO  [Log] ########################### This is my login test again   ############## 
2023-03-21 12:24:18,029 INFO  [Log] ###################### 
2023-03-21 12:24:18,029 INFO  [Log] ######################## 
2023-03-22 18:04:57,307 INFO  [Log] ************** 
2023-03-22 18:04:57,307 INFO  [Log] *********************** 
2023-03-22 18:04:57,307 INFO  [Log] ########################### My first test case is  this Login test   ############## 
2023-03-22 18:04:57,307 INFO  [Log] ************** 
2023-03-22 18:04:57,307 INFO  [Log] *********************** 
2023-03-22 18:04:57,308 INFO  [Log] My login test is going on 
2023-03-22 18:04:57,308 INFO  [Log] My test case might fail 
2023-03-22 18:05:04,609 INFO  [Log] My test case is about to complete 
2023-03-22 18:05:04,609 INFO  [Log] ######################## 
2023-03-22 18:05:04,609 INFO  [Log] ############## 
2023-03-22 18:05:04,609 INFO  [Log] ########################### This is my login test again   ############## 
2023-03-22 18:05:04,609 INFO  [Log] ###################### 
2023-03-22 18:05:04,609 INFO  [Log] ######################## 
